18:42:16: Creating resource group General
18:42:16: Creating resource group Internal
18:42:16: Creating resource group Autodetect
18:42:16: SceneManagerFactory for type 'DefaultSceneManager' registered.
18:42:16: Registering ResourceManager for type Material
18:42:16: Registering ResourceManager for type Mesh
18:42:16: Registering ResourceManager for type Skeleton
18:42:16: MovableObjectFactory for type 'ParticleSystem' registered.
18:42:16: OverlayElementFactory for type Panel registered.
18:42:16: OverlayElementFactory for type BorderPanel registered.
18:42:16: OverlayElementFactory for type TextArea registered.
18:42:16: Registering ResourceManager for type Font
18:42:16: ArchiveFactory for archive type FileSystem registered.
18:42:16: ArchiveFactory for archive type Zip registered.
18:42:16: FreeImage version: 3.10.0
18:42:16: This program uses FreeImage, a free, open source image library supporting all common bitmap formats. See http://freeimage.sourceforge.net for details
18:42:16: Supported formats: bmp,ico,jpg,jif,jpeg,jpe,jng,koa,iff,lbm,mng,pbm,pbm,pcd,pcx,pgm,pgm,png,ppm,ppm,ras,tga,targa,tif,tiff,wap,wbmp,wbm,psd,cut,xbm,xpm,gif,hdr,g3,sgi,exr,j2k,j2c,jp2
18:42:16: DDS codec registering
18:42:16: Registering ResourceManager for type HighLevelGpuProgram
18:42:16: Registering ResourceManager for type Compositor
18:42:16: MovableObjectFactory for type 'Entity' registered.
18:42:16: MovableObjectFactory for type 'Light' registered.
18:42:16: MovableObjectFactory for type 'BillboardSet' registered.
18:42:16: MovableObjectFactory for type 'ManualObject' registered.
18:42:16: MovableObjectFactory for type 'BillboardChain' registered.
18:42:16: MovableObjectFactory for type 'RibbonTrail' registered.
18:42:16: Loading library .\RenderSystem_Direct3D9
18:42:16: Installing plugin: D3D9 RenderSystem
18:42:16: D3D9 : Direct3D9 Rendering Subsystem created.
18:42:16: D3D9: Driver Detection Starts
18:42:16: D3D9: Driver Detection Ends
18:42:16: Plugin successfully installed
18:42:16: Loading library .\RenderSystem_GL
18:42:16: Installing plugin: GL RenderSystem
18:42:16: OpenGL Rendering Subsystem created.
18:42:17: Plugin successfully installed
18:42:17: Loading library .\Plugin_ParticleFX
18:42:17: Installing plugin: ParticleFX
18:42:17: Particle Emitter Type 'Point' registered
18:42:17: Particle Emitter Type 'Box' registered
18:42:17: Particle Emitter Type 'Ellipsoid' registered
18:42:17: Particle Emitter Type 'Cylinder' registered
18:42:17: Particle Emitter Type 'Ring' registered
18:42:17: Particle Emitter Type 'HollowEllipsoid' registered
18:42:17: Particle Affector Type 'LinearForce' registered
18:42:17: Particle Affector Type 'ColourFader' registered
18:42:17: Particle Affector Type 'ColourFader2' registered
18:42:17: Particle Affector Type 'ColourImage' registered
18:42:17: Particle Affector Type 'ColourInterpolator' registered
18:42:17: Particle Affector Type 'Scaler' registered
18:42:17: Particle Affector Type 'Rotator' registered
18:42:17: Particle Affector Type 'DirectionRandomiser' registered
18:42:17: Particle Affector Type 'DeflectorPlane' registered
18:42:17: Plugin successfully installed
18:42:17: Loading library .\Plugin_BSPSceneManager
18:42:17: Installing plugin: BSP Scene Manager
18:42:17: Plugin successfully installed
18:42:17: Loading library .\Plugin_CgProgramManager
18:42:17: Installing plugin: Cg Program Manager
18:42:17: Plugin successfully installed
18:42:17: *-*-* OGRE Initialising
18:42:17: *-*-* Version 1.6.0RC1 (Shoggoth)
18:42:17: Creating resource group Bootstrap
18:42:17: Added resource location '../../media/packs/OgreCore.zip' of type 'Zip' to resource group 'Bootstrap'
18:42:17: Added resource location '../../media' of type 'FileSystem' to resource group 'General'
18:42:17: Added resource location '../../media/fonts' of type 'FileSystem' to resource group 'General'
18:42:17: Added resource location '../../media/materials/programs' of type 'FileSystem' to resource group 'General'
18:42:17: Added resource location '../../media/materials/scripts' of type 'FileSystem' to resource group 'General'
18:42:17: Added resource location '../../media/materials/textures' of type 'FileSystem' to resource group 'General'
18:42:17: Added resource location '../../media/models' of type 'FileSystem' to resource group 'General'
18:42:17: Added resource location '../../media/overlays' of type 'FileSystem' to resource group 'General'
18:42:17: Added resource location '../../media/particle' of type 'FileSystem' to resource group 'General'
18:42:17: Added resource location '../../media/gui' of type 'FileSystem' to resource group 'General'
18:42:17: Added resource location '../../media/DeferredShadingMedia' of type 'FileSystem' to resource group 'General'
18:42:17: Added resource location '../../media/ObjectDefinitions' of type 'FileSystem' to resource group 'General'
18:42:17: D3D9 : RenderSystem Option: Allow NVPerfHUD = No
18:42:17: D3D9 : RenderSystem Option: Anti aliasing = None
18:42:17: D3D9 : RenderSystem Option: Floating-point mode = Fastest
18:42:17: D3D9 : RenderSystem Option: Full Screen = No
18:42:17: D3D9 : RenderSystem Option: Rendering Device = RADEON X800 XT Platinum Edition
18:42:17: D3D9 : RenderSystem Option: VSync = No
18:42:17: D3D9 : RenderSystem Option: Video Mode = 1024 x 768 @ 32-bit colour
18:42:17: D3D9 : RenderSystem Option: sRGB Gamma Conversion = No
18:42:18: CPU Identifier & Features
18:42:18: -------------------------
18:42:18:  *   CPU ID: AuthenticAMD: AMD Athlon(tm) XP 3000+
18:42:18:  *      SSE: yes
18:42:18:  *     SSE2: no
18:42:18:  *     SSE3: no
18:42:18:  *      MMX: yes
18:42:18:  *   MMXEXT: yes
18:42:18:  *    3DNOW: yes
18:42:18:  * 3DNOWEXT: yes
18:42:18:  *     CMOV: yes
18:42:18:  *      TSC: yes
18:42:18:  *      FPU: yes
18:42:18:  *      PRO: yes
18:42:18:  *       HT: no
18:42:18: -------------------------
18:42:18: D3D9 : Subsystem Initialising
18:42:18: D3D9RenderSystem::_createRenderWindow "GOO editor", 1024x768 windowed  miscParams: FSAA=0 FSAAQuality=0 colourDepth=32 gamma=false useNVPerfHUD=false vsync=false 
18:42:18: D3D9 : Created D3D9 Rendering Window 'GOO editor' : 1024x768, 32bpp
18:42:18: D3D9 : WARNING - disabling VSync in windowed mode can cause timing issues at lower frame rates, turn VSync on if you observe this problem.
18:42:18: Registering ResourceManager for type Texture
18:42:18: Registering ResourceManager for type GpuProgram
18:42:18: RenderSystem capabilities
18:42:18: -------------------------
18:42:18: RenderSystem Name: Direct3D9 Rendering Subsystem
18:42:18: GPU Vendor: ati
18:42:18: Device Name: RADEON X800 XT Platinum Edition
18:42:18: Driver Version: 6.14.10.6891
18:42:18:  * Fixed function pipeline: yes
18:42:18:  * Hardware generation of mipmaps: yes
18:42:18:  * Texture blending: yes
18:42:18:  * Anisotropic texture filtering: yes
18:42:18:  * Dot product texture operation: yes
18:42:18:  * Cube mapping: yes
18:42:18:  * Hardware stencil buffer: yes
18:42:18:    - Stencil depth: 8
18:42:18:    - Two sided stencil support: yes
18:42:18:    - Wrap stencil values: yes
18:42:18:  * Hardware vertex / index buffers: yes
18:42:18:  * Vertex programs: yes
18:42:18:  * Fragment programs: yes
18:42:18:  * Geometry programs: no
18:42:18:  * Supported Shader Profiles: hlsl ps_1_1 ps_1_2 ps_1_3 ps_1_4 ps_2_0 ps_2_b ps_2_x vs_1_1 vs_2_0
18:42:18:  * Texture Compression: yes
18:42:18:    - DXT: yes
18:42:18:    - VTC: no
18:42:18:  * Scissor Rectangle: yes
18:42:18:  * Hardware Occlusion Query: yes
18:42:18:  * User clip planes: yes
18:42:18:  * VET_UBYTE4 vertex element type: yes
18:42:18:  * Infinite far plane projection: yes
18:42:18:  * Hardware render-to-texture: yes
18:42:18:  * Floating point textures: yes
18:42:18:  * Non-power-of-two textures: yes (limited)
18:42:18:  * Volume textures: yes
18:42:18:  * Multiple Render Targets: 4
18:42:18:    - With different bit depths: no
18:42:18:  * Point Sprites: yes
18:42:18:  * Extended point parameters: yes
18:42:18:  * Max Point Size: 256
18:42:18:  * Vertex texture fetch: no
18:42:18:  * Render to Vertex Buffer : no
18:42:18:  * DirectX per stage constants: no
18:42:18: ***************************************
18:42:18: *** D3D9 : Subsystem Initialised OK ***
18:42:18: ***************************************
18:42:18: ResourceBackgroundQueue - threading disabled
18:42:18: Particle Renderer Type 'billboard' registered
18:42:18: SceneManagerFactory for type 'BspSceneManager' registered.
18:42:18: Registering ResourceManager for type BspLevel
18:42:18: Parsing scripts for resource group Autodetect
18:42:18: Finished parsing scripts for resource group Autodetect
18:42:18: Parsing scripts for resource group Bootstrap
18:42:18: Parsing script OgreCore.material
18:42:18: Parsing script OgreProfiler.material
18:42:18: Parsing script Ogre.fontdef
18:42:18: Parsing script OgreDebugPanel.overlay
18:42:18: Texture: New_Ogre_Border_Center.png: Loading 1 faces(PF_A8R8G8B8,256x128x1) with  hardware generated mipmaps from Image. Internal format is PF_A8R8G8B8,256x128x1.
18:42:18: Texture: New_Ogre_Border.png: Loading 1 faces(PF_A8R8G8B8,256x256x1) with  hardware generated mipmaps from Image. Internal format is PF_A8R8G8B8,256x256x1.
18:42:18: Texture: New_Ogre_Border_Break.png: Loading 1 faces(PF_A8R8G8B8,32x32x1) with  hardware generated mipmaps from Image. Internal format is PF_A8R8G8B8,32x32x1.
18:42:18: Font BlueHighwayusing texture size 512x512
18:42:18: Info: Freetype returned null for character 127 in font BlueHighway
18:42:18: Info: Freetype returned null for character 128 in font BlueHighway
18:42:18: Info: Freetype returned null for character 129 in font BlueHighway
18:42:18: Info: Freetype returned null for character 130 in font BlueHighway
18:42:18: Info: Freetype returned null for character 131 in font BlueHighway
18:42:18: Info: Freetype returned null for character 132 in font BlueHighway
18:42:18: Info: Freetype returned null for character 133 in font BlueHighway
18:42:18: Info: Freetype returned null for character 134 in font BlueHighway
18:42:18: Info: Freetype returned null for character 135 in font BlueHighway
18:42:18: Info: Freetype returned null for character 136 in font BlueHighway
18:42:18: Info: Freetype returned null for character 137 in font BlueHighway
18:42:18: Info: Freetype returned null for character 138 in font BlueHighway
18:42:18: Info: Freetype returned null for character 139 in font BlueHighway
18:42:18: Info: Freetype returned null for character 140 in font BlueHighway
18:42:18: Info: Freetype returned null for character 141 in font BlueHighway
18:42:18: Info: Freetype returned null for character 142 in font BlueHighway
18:42:18: Info: Freetype returned null for character 143 in font BlueHighway
18:42:18: Info: Freetype returned null for character 144 in font BlueHighway
18:42:18: Info: Freetype returned null for character 145 in font BlueHighway
18:42:18: Info: Freetype returned null for character 146 in font BlueHighway
18:42:18: Info: Freetype returned null for character 147 in font BlueHighway
18:42:18: Info: Freetype returned null for character 148 in font BlueHighway
18:42:18: Info: Freetype returned null for character 149 in font BlueHighway
18:42:18: Info: Freetype returned null for character 150 in font BlueHighway
18:42:18: Info: Freetype returned null for character 151 in font BlueHighway
18:42:18: Info: Freetype returned null for character 152 in font BlueHighway
18:42:18: Info: Freetype returned null for character 153 in font BlueHighway
18:42:18: Info: Freetype returned null for character 154 in font BlueHighway
18:42:18: Info: Freetype returned null for character 155 in font BlueHighway
18:42:18: Info: Freetype returned null for character 156 in font BlueHighway
18:42:18: Info: Freetype returned null for character 157 in font BlueHighway
18:42:18: Info: Freetype returned null for character 158 in font BlueHighway
18:42:18: Info: Freetype returned null for character 159 in font BlueHighway
18:42:18: Info: Freetype returned null for character 160 in font BlueHighway
18:42:18: Texture: BlueHighwayTexture: Loading 1 faces(PF_BYTE_LA,512x512x1) with 0 generated mipmaps from Image. Internal format is PF_BYTE_LA,512x512x1.
18:42:18: Texture: ogretext.png: Loading 1 faces(PF_A8R8G8B8,256x128x1) with  hardware generated mipmaps from Image. Internal format is PF_A8R8G8B8,256x128x1.
18:42:18: Parsing script OgreLoadingPanel.overlay
18:42:18: Finished parsing scripts for resource group Bootstrap
18:42:18: Parsing scripts for resource group General
18:42:18: Parsing script Examples.program
18:42:18: Parsing script deferred.glsl.program
18:42:18: Parsing script deferred.hlsl.program
18:42:18: Parsing script deferred.program
18:42:18: Parsing script deferred_post_ambient.program
18:42:18: Parsing script deferred_post_debug.glsl.program
18:42:18: Parsing script deferred_post_debug.hlsl.program
18:42:18: Parsing script deferred_post_debug.program
18:42:18: Parsing script deferred_post_minilight.glsl.program
18:42:18: Parsing script deferred_post_minilight.hlsl.program
18:42:18: OGRE EXCEPTION(2:InvalidParametersException): Parameter called lightFalloff does not exist.  in GpuProgramParameters::_findNamedConstantDefinition at ..\src\OgreGpuProgram.cpp (line 1095)
18:42:18: Compiler error: invalid parameters in deferred_post_minilight.hlsl.program(27): setting of constant failed
18:42:18: Parsing script deferred_post_minilight.program
18:42:18: Parsing script deferred_post_multipass.glsl.program
18:42:18: Parsing script deferred_post_multipass.hlsl.program
18:42:18: Parsing script deferred_post_onepass.glsl.program
18:42:18: Parsing script deferred_post_onepass.hlsl.program
18:42:18: Parsing script deferred_post_vs.program
18:42:18: Parsing script editor.material
18:42:18: Parsing script Example-DynTex.material
18:42:18: Parsing script Example.material
18:42:18: Parsing script lua_app.material
18:42:18: Parsing script deferred.material
18:42:18: Parsing script deferreddemo.material
18:42:18: Parsing script deferred_post_ambient.material
18:42:18: Parsing script deferred_post_debug.material
18:42:19: Parsing script deferred_post_minilight.material
18:42:19: Parsing script deferred_post_multipass.material
18:42:19: Parsing script deferred_post_onepass.material
18:42:19: Parsing script emitted_emitter.particle
18:42:19: Parsing script Example-Water.particle
18:42:19: Parsing script Example.particle
18:42:19: Parsing script smoke.particle
18:42:19: Parsing script Examples.compositor
18:42:19: Parsing script deferred.compositor
18:42:19: Parsing script editorfonts.fontdef
18:42:19: Parsing script sample.fontdef
18:42:19: Parsing script console.overlay
18:42:19: Texture: console_bg.png: Loading 1 faces(PF_A8R8G8B8,256x128x1) with  hardware generated mipmaps from Image. Internal format is PF_A8R8G8B8,256x128x1.
18:42:19: Texture: console_input_bg.png: Loading 1 faces(PF_A8R8G8B8,128x64x1) with  hardware generated mipmaps from Image. Internal format is PF_A8R8G8B8,128x64x1.
18:42:19: Parsing script parameters.overlay
18:42:19: Finished parsing scripts for resource group General
18:42:19: Parsing scripts for resource group Internal
18:42:19: Finished parsing scripts for resource group Internal
18:42:19: *** Initializing OIS ***
18:42:19: Mesh: Loading sphere.mesh.
18:42:19: World object instatiated
18:42:19: Lua: loading init.lua..
18:42:19: Lua: ..\..\media\LUA\
18:42:19: Lua: loading celldefinitions.lua..
18:42:19: Lua:  system definitions - Loading System Definitions
18:42:19: c++: loading system class: ..\..\media\LUA\systems\systems\abstractsystem.lua
18:42:19: lua error message:cannot open ..\..\media\LUA\systems\systems\abstractsystem.LUA: No such file or directory
18:42:19: Lua: Loading land 0.1 canvas surface...
18:42:19: Lua: Loading water 0.1 canvas surface
18:42:19: cell1_2DObject has collided with cell5_2DObject
18:42:19: cell1_2DObject has collided with cell5_2DObject
18:42:19: cell2_2DObject has collided with cell5_2DObject
18:42:19: cell2_2DObject has collided with cell5_2DObject
18:42:19: cell0_2DObject has collided with cell5_2DObject
18:42:19: cell0_2DObject has collided with cell5_2DObject
18:42:19: cell3_2DObject has collided with cell5_2DObject
18:42:19: cell3_2DObject has collided with cell5_2DObject
18:42:19: cell4_2DObject has collided with cell5_2DObject
18:42:19: cell4_2DObject has collided with cell5_2DObject
18:42:19: cell1_2DObject has collided with cell4_2DObject
18:42:19: cell1_2DObject has collided with cell4_2DObject
18:42:19: cell2_2DObject has collided with cell4_2DObject
18:42:19: cell2_2DObject has collided with cell4_2DObject
18:42:19: cell0_2DObject has collided with cell4_2DObject
18:42:19: cell0_2DObject has collided with cell4_2DObject
18:42:19: cell3_2DObject has collided with cell4_2DObject
18:42:19: cell3_2DObject has collided with cell4_2DObject
18:42:19: cell1_2DObject has collided with cell3_2DObject
18:42:19: cell1_2DObject has collided with cell3_2DObject
18:42:19: cell2_2DObject has collided with cell3_2DObject
18:42:19: cell2_2DObject has collided with cell3_2DObject
18:42:19: cell0_2DObject has collided with cell3_2DObject
18:42:19: cell0_2DObject has collided with cell3_2DObject
18:42:19: cell0_2DObject has collided with cell2_2DObject
18:42:19: cell0_2DObject has collided with cell2_2DObject
18:42:19: cell1_2DObject has collided with cell2_2DObject
18:42:19: cell1_2DObject has collided with cell2_2DObject
18:42:19: cell0_2DObject has collided with cell1_2DObject
18:42:19: cell0_2DObject has collided with cell1_2DObject
18:42:19: cell3_2DObject has collided with cell5_2DObject
18:42:19: cell3_2DObject has collided with cell5_2DObject
18:42:19: cell0_2DObject has collided with cell4_2DObject
18:42:19: cell0_2DObject has collided with cell4_2DObject
18:42:19: cell0_2DObject has collided with cell2_2DObject
18:42:19: cell0_2DObject has collided with cell2_2DObject
18:42:19: cell0_2DObject has collided with cell5_2DObject
18:42:19: cell0_2DObject has collided with cell5_2DObject
18:42:19: cell3_2DObject has collided with cell4_2DObject
18:42:19: cell3_2DObject has collided with cell4_2DObject
18:42:19: cell0_2DObject has collided with cell1_2DObject
18:42:19: cell0_2DObject has collided with cell1_2DObject
18:42:19: cell3_2DObject has collided with cell4_2DObject
18:42:19: cell3_2DObject has collided with cell4_2DObject
18:42:19: cell0_2DObject has collided with cell1_2DObject
18:42:19: cell0_2DObject has collided with cell1_2DObject
18:42:19: cell3_2DObject has collided with cell4_2DObject
18:42:19: cell3_2DObject has collided with cell4_2DObject
18:42:19: cell0_2DObject has collided with cell1_2DObject
18:42:19: cell0_2DObject has collided with cell1_2DObject
18:42:19: cell0_2DObject has collided with cell5_2DObject
18:42:19: cell0_2DObject has collided with cell5_2DObject
18:42:19: cell3_2DObject has collided with cell4_2DObject
18:42:19: cell3_2DObject has collided with cell4_2DObject
18:42:19: cell0_2DObject has collided with cell1_2DObject
18:42:19: cell0_2DObject has collided with cell1_2DObject
18:42:20: cell7_2DObject has collided with cell11_2DObject
18:42:20: cell8_2DObject has collided with cell11_2DObject
18:42:20: cell6_2DObject has collided with cell11_2DObject
18:42:20: cell6_2DObject has collided with cell11_2DObject
18:42:20: cell9_2DObject has collided with cell11_2DObject
18:42:20: cell10_2DObject has collided with cell11_2DObject
18:42:20: cell7_2DObject has collided with cell10_2DObject
18:42:20: cell7_2DObject has collided with cell10_2DObject
18:42:20: cell8_2DObject has collided with cell10_2DObject
18:42:20: cell6_2DObject has collided with cell10_2DObject
18:42:20: cell9_2DObject has collided with cell10_2DObject
18:42:20: cell7_2DObject has collided with cell9_2DObject
18:42:20: cell8_2DObject has collided with cell9_2DObject
18:42:20: cell8_2DObject has collided with cell9_2DObject
18:42:20: cell6_2DObject has collided with cell9_2DObject
18:42:20: cell6_2DObject has collided with cell9_2DObject
18:42:20: cell6_2DObject has collided with cell8_2DObject
18:42:20: cell7_2DObject has collided with cell8_2DObject
18:42:20: cell7_2DObject has collided with cell8_2DObject
18:42:20: cell6_2DObject has collided with cell7_2DObject
18:42:20: cell7_2DObject has collided with cell11_2DObject
18:42:20: cell6_2DObject has collided with cell11_2DObject
18:42:20: cell7_2DObject has collided with cell9_2DObject
18:42:20: cell8_2DObject has collided with cell9_2DObject
18:42:20: cell6_2DObject has collided with cell7_2DObject
18:42:20: cell8_2DObject has collided with cell9_2DObject
18:42:20: cell7_2DObject has collided with cell8_2DObject
18:42:20: cell9_2DObject has collided with cell10_2DObject
18:42:20: cell6_2DObject has collided with cell7_2DObject
18:42:20: cell9_2DObject has collided with cell10_2DObject
18:42:20: cell9_2DObject has collided with cell10_2DObject
18:42:20: cell6_2DObject has collided with cell11_2DObject
18:42:20: cell7_2DObject has collided with cell8_2DObject
18:42:20: cell8_2DObject has collided with cell9_2DObject
18:42:20: cell9_2DObject has collided with cell10_2DObject
18:42:20: cell9_2DObject has collided with cell10_2DObject
18:42:21: cell5_2DObject has collided with cell12_2DObject
18:42:21: cell5_2DObject has collided with cell12_2DObject
18:42:21: cell2_2DObject has collided with cell13_2DObject
18:42:21: cell2_2DObject has collided with cell13_2DObject
18:42:21: cell0_2DObject has collided with cell14_2DObject
18:42:21: cell0_2DObject has collided with cell14_2DObject
18:42:21: cell0_2DObject has collided with cell12_2DObject
18:42:21: cell0_2DObject has collided with cell12_2DObject
18:42:21: cell3_2DObject has collided with cell15_2DObject
18:42:21: cell3_2DObject has collided with cell15_2DObject
18:42:21: cell3_2DObject has collided with cell13_2DObject
18:42:21: cell3_2DObject has collided with cell13_2DObject
18:42:22: cell8_2DObject has collided with cell18_2DObject
18:42:22: cell7_2DObject has collided with cell18_2DObject
18:42:22: cell9_2DObject has collided with cell19_2DObject
18:42:22: cell8_2DObject has collided with cell19_2DObject
18:42:22: cell8_2DObject has collided with cell18_2DObject
18:42:22: cell7_2DObject has collided with cell18_2DObject
18:42:22: cell10_2DObject has collided with cell20_2DObject
18:42:22: cell11_2DObject has collided with cell20_2DObject
18:42:22: cell6_2DObject has collided with cell21_2DObject
18:42:22: cell7_2DObject has collided with cell21_2DObject
18:42:22: cell10_2DObject has collided with cell22_2DObject
18:42:22: cell9_2DObject has collided with cell22_2DObject
18:42:23: cell11_2DObject has collided with cell23_2DObject
18:42:23: cell6_2DObject has collided with cell23_2DObject
18:42:23: cell11_2DObject has collided with cell20_2DObject
18:42:23: cell8_2DObject has collided with cell12_2DObject
18:42:23: cell12_2DObject has collided with cell25_2DObject
18:42:23: cell8_2DObject has collided with cell12_2DObject
18:42:23: cell12_2DObject has collided with cell25_2DObject
18:42:23: cell5_2DObject has collided with cell19_2DObject
18:42:23: cell19_2DObject has collided with cell28_2DObject
18:42:23: cell5_2DObject has collided with cell28_2DObject
18:42:23: cell5_2DObject has collided with cell28_2DObject
18:42:23: cell8_2DObject has collided with cell28_2DObject
18:42:23: cell12_2DObject has collided with cell28_2DObject
18:42:23: cell12_2DObject has collided with cell28_2DObject
18:42:23: cell5_2DObject has collided with cell19_2DObject
18:42:23: cell12_2DObject has collided with cell28_2DObject
18:42:23: cell12_2DObject has collided with cell28_2DObject
18:42:23: cell5_2DObject has collided with cell19_2DObject
18:42:23: cell12_2DObject has collided with cell25_2DObject
18:42:23: cell12_2DObject has collided with cell25_2DObject
18:42:23: cell12_2DObject has collided with cell25_2DObject
18:42:23: cell12_2DObject has collided with cell25_2DObject
18:42:23: cell9_2DObject has collided with cell19_2DObject
18:42:23: cell12_2DObject has collided with cell25_2DObject
18:42:23: cell12_2DObject has collided with cell25_2DObject
18:42:23: cell13_2DObject has collided with cell29_2DObject
18:42:23: cell13_2DObject has collided with cell29_2DObject
18:42:23: cell2_2DObject has collided with cell29_2DObject
18:42:23: cell2_2DObject has collided with cell29_2DObject
18:42:23: cell13_2DObject has collided with cell29_2DObject
18:42:23: cell13_2DObject has collided with cell29_2DObject
18:42:23: cell2_2DObject has collided with cell29_2DObject
18:42:23: cell2_2DObject has collided with cell29_2DObject
18:42:23: cell15_2DObject has collided with cell30_2DObject
18:42:23: cell15_2DObject has collided with cell30_2DObject
18:42:23: cell8_2DObject has collided with cell18_2DObject
18:42:23: cell14_2DObject has collided with cell31_2DObject
18:42:23: cell14_2DObject has collided with cell31_2DObject
18:42:23: cell8_2DObject has collided with cell12_2DObject
18:42:23: cell5_2DObject has collided with cell19_2DObject
18:42:23: cell9_2DObject has collided with cell19_2DObject
18:42:23: cell1_2DObject has collided with cell31_2DObject
18:42:23: cell1_2DObject has collided with cell31_2DObject
18:42:23: cell4_2DObject has collided with cell30_2DObject
18:42:23: cell4_2DObject has collided with cell30_2DObject
18:42:23: cell5_2DObject has collided with cell9_2DObject
18:42:23: cell8_2DObject has collided with cell28_2DObject
18:42:23: cell8_2DObject has collided with cell12_2DObject
18:42:23: cell8_2DObject has collided with cell18_2DObject
18:42:23: cell8_2DObject has collided with cell12_2DObject
18:42:24: cell5_2DObject has collided with cell19_2DObject
18:42:24: cell18_2DObject has collided with cell25_2DObject
18:42:24: cell5_2DObject has collided with cell35_2DObject
18:42:24: cell5_2DObject has collided with cell19_2DObject
18:42:24: cell5_2DObject has collided with cell9_2DObject
18:42:24: cell8_2DObject has collided with cell12_2DObject
18:42:24: cell8_2DObject has collided with cell12_2DObject
18:42:24: cell8_2DObject has collided with cell12_2DObject
18:42:24: cell8_2DObject has collided with cell12_2DObject
18:42:24: cell8_2DObject has collided with cell12_2DObject
18:42:24: cell8_2DObject has collided with cell12_2DObject
18:42:24: cell9_2DObject has collided with cell22_2DObject
18:42:24: cell8_2DObject has collided with cell12_2DObject
18:42:24: cell8_2DObject has collided with cell12_2DObject
18:42:24: cell9_2DObject has collided with cell35_2DObject
18:42:24: cell9_2DObject has collided with cell22_2DObject
18:42:24: cell8_2DObject has collided with cell12_2DObject
18:42:24: cell8_2DObject has collided with cell12_2DObject
18:42:24: cell8_2DObject has collided with cell12_2DObject
18:42:24: cell8_2DObject has collided with cell12_2DObject
18:42:24: cell8_2DObject has collided with cell12_2DObject
18:42:24: cell8_2DObject has collided with cell12_2DObject
18:42:24: cell5_2DObject has collided with cell9_2DObject
18:42:24: Unregistering ResourceManager for type BspLevel
18:42:24: *-*-* OGRE Shutdown
