00:34:56: Creating resource group General
00:34:56: Creating resource group Internal
00:34:56: Creating resource group Autodetect
00:34:56: SceneManagerFactory for type 'DefaultSceneManager' registered.
00:34:56: Registering ResourceManager for type Material
00:34:56: Registering ResourceManager for type Mesh
00:34:56: Registering ResourceManager for type Skeleton
00:34:56: MovableObjectFactory for type 'ParticleSystem' registered.
00:34:56: OverlayElementFactory for type Panel registered.
00:34:56: OverlayElementFactory for type BorderPanel registered.
00:34:56: OverlayElementFactory for type TextArea registered.
00:34:56: Registering ResourceManager for type Font
00:34:56: ArchiveFactory for archive type FileSystem registered.
00:34:56: ArchiveFactory for archive type Zip registered.
00:34:56: FreeImage version: 3.10.0
00:34:56: This program uses FreeImage, a free, open source image library supporting all common bitmap formats. See http://freeimage.sourceforge.net for details
00:34:56: Supported formats: bmp,ico,jpg,jif,jpeg,jpe,jng,koa,iff,lbm,mng,pbm,pbm,pcd,pcx,pgm,pgm,png,ppm,ppm,ras,tga,targa,tif,tiff,wap,wbmp,wbm,psd,cut,xbm,xpm,gif,hdr,g3,sgi,exr,j2k,j2c,jp2
00:34:56: DDS codec registering
00:34:56: Registering ResourceManager for type HighLevelGpuProgram
00:34:56: Registering ResourceManager for type Compositor
00:34:56: MovableObjectFactory for type 'Entity' registered.
00:34:56: MovableObjectFactory for type 'Light' registered.
00:34:56: MovableObjectFactory for type 'BillboardSet' registered.
00:34:56: MovableObjectFactory for type 'ManualObject' registered.
00:34:56: MovableObjectFactory for type 'BillboardChain' registered.
00:34:56: MovableObjectFactory for type 'RibbonTrail' registered.
00:34:56: Loading library .\RenderSystem_Direct3D9
00:34:56: Installing plugin: D3D9 RenderSystem
00:34:56: D3D9 : Direct3D9 Rendering Subsystem created.
00:34:56: D3D9: Driver Detection Starts
00:34:56: D3D9: Driver Detection Ends
00:34:56: Plugin successfully installed
00:34:56: Loading library .\RenderSystem_GL
00:34:56: Installing plugin: GL RenderSystem
00:34:56: OpenGL Rendering Subsystem created.
00:34:57: Plugin successfully installed
00:34:57: Loading library .\Plugin_ParticleFX
00:34:57: Installing plugin: ParticleFX
00:34:57: Particle Emitter Type 'Point' registered
00:34:57: Particle Emitter Type 'Box' registered
00:34:57: Particle Emitter Type 'Ellipsoid' registered
00:34:57: Particle Emitter Type 'Cylinder' registered
00:34:57: Particle Emitter Type 'Ring' registered
00:34:57: Particle Emitter Type 'HollowEllipsoid' registered
00:34:57: Particle Affector Type 'LinearForce' registered
00:34:57: Particle Affector Type 'ColourFader' registered
00:34:57: Particle Affector Type 'ColourFader2' registered
00:34:57: Particle Affector Type 'ColourImage' registered
00:34:57: Particle Affector Type 'ColourInterpolator' registered
00:34:57: Particle Affector Type 'Scaler' registered
00:34:57: Particle Affector Type 'Rotator' registered
00:34:57: Particle Affector Type 'DirectionRandomiser' registered
00:34:57: Particle Affector Type 'DeflectorPlane' registered
00:34:57: Plugin successfully installed
00:34:57: Loading library .\Plugin_BSPSceneManager
00:34:57: Installing plugin: BSP Scene Manager
00:34:57: Plugin successfully installed
00:34:57: Loading library .\Plugin_CgProgramManager
00:34:57: Installing plugin: Cg Program Manager
00:34:57: Plugin successfully installed
00:34:57: *-*-* OGRE Initialising
00:34:57: *-*-* Version 1.6.0RC1 (Shoggoth)
00:34:57: Creating resource group Bootstrap
00:34:57: Added resource location '../../media/packs/OgreCore.zip' of type 'Zip' to resource group 'Bootstrap'
00:34:57: Added resource location '../../media' of type 'FileSystem' to resource group 'General'
00:34:57: Added resource location '../../media/fonts' of type 'FileSystem' to resource group 'General'
00:34:57: Added resource location '../../media/materials/programs' of type 'FileSystem' to resource group 'General'
00:34:57: Added resource location '../../media/materials/scripts' of type 'FileSystem' to resource group 'General'
00:34:57: Added resource location '../../media/materials/textures' of type 'FileSystem' to resource group 'General'
00:34:57: Added resource location '../../media/models' of type 'FileSystem' to resource group 'General'
00:34:57: Added resource location '../../media/overlays' of type 'FileSystem' to resource group 'General'
00:34:57: Added resource location '../../media/particle' of type 'FileSystem' to resource group 'General'
00:34:57: Added resource location '../../media/gui' of type 'FileSystem' to resource group 'General'
00:34:57: Added resource location '../../media/DeferredShadingMedia' of type 'FileSystem' to resource group 'General'
00:34:57: Added resource location '../../media/ObjectDefinitions' of type 'FileSystem' to resource group 'General'
00:34:57: D3D9 : RenderSystem Option: Allow NVPerfHUD = No
00:34:57: D3D9 : RenderSystem Option: Anti aliasing = None
00:34:57: D3D9 : RenderSystem Option: Floating-point mode = Fastest
00:34:57: D3D9 : RenderSystem Option: Full Screen = No
00:34:57: D3D9 : RenderSystem Option: Rendering Device = RADEON X800 XT Platinum Edition
00:34:57: D3D9 : RenderSystem Option: VSync = No
00:34:57: D3D9 : RenderSystem Option: Video Mode = 1024 x 768 @ 32-bit colour
00:34:57: D3D9 : RenderSystem Option: sRGB Gamma Conversion = No
00:34:58: CPU Identifier & Features
00:34:58: -------------------------
00:34:58:  *   CPU ID: AuthenticAMD: AMD Athlon(tm) XP 3000+
00:34:58:  *      SSE: yes
00:34:58:  *     SSE2: no
00:34:58:  *     SSE3: no
00:34:58:  *      MMX: yes
00:34:58:  *   MMXEXT: yes
00:34:58:  *    3DNOW: yes
00:34:58:  * 3DNOWEXT: yes
00:34:58:  *     CMOV: yes
00:34:58:  *      TSC: yes
00:34:58:  *      FPU: yes
00:34:58:  *      PRO: yes
00:34:58:  *       HT: no
00:34:58: -------------------------
00:34:58: D3D9 : Subsystem Initialising
00:34:58: D3D9RenderSystem::_createRenderWindow "GOO editor", 1024x768 windowed  miscParams: FSAA=0 FSAAQuality=0 colourDepth=32 gamma=false useNVPerfHUD=false vsync=false 
00:34:58: D3D9 : Created D3D9 Rendering Window 'GOO editor' : 1024x768, 32bpp
00:34:58: D3D9 : WARNING - disabling VSync in windowed mode can cause timing issues at lower frame rates, turn VSync on if you observe this problem.
00:34:58: Registering ResourceManager for type Texture
00:34:58: Registering ResourceManager for type GpuProgram
00:34:58: RenderSystem capabilities
00:34:58: -------------------------
00:34:58: RenderSystem Name: Direct3D9 Rendering Subsystem
00:34:58: GPU Vendor: ati
00:34:58: Device Name: RADEON X800 XT Platinum Edition
00:34:58: Driver Version: 6.14.10.6891
00:34:58:  * Fixed function pipeline: yes
00:34:58:  * Hardware generation of mipmaps: yes
00:34:58:  * Texture blending: yes
00:34:58:  * Anisotropic texture filtering: yes
00:34:58:  * Dot product texture operation: yes
00:34:58:  * Cube mapping: yes
00:34:58:  * Hardware stencil buffer: yes
00:34:58:    - Stencil depth: 8
00:34:58:    - Two sided stencil support: yes
00:34:58:    - Wrap stencil values: yes
00:34:58:  * Hardware vertex / index buffers: yes
00:34:58:  * Vertex programs: yes
00:34:58:  * Fragment programs: yes
00:34:58:  * Geometry programs: no
00:34:58:  * Supported Shader Profiles: hlsl ps_1_1 ps_1_2 ps_1_3 ps_1_4 ps_2_0 ps_2_b ps_2_x vs_1_1 vs_2_0
00:34:58:  * Texture Compression: yes
00:34:58:    - DXT: yes
00:34:58:    - VTC: no
00:34:58:  * Scissor Rectangle: yes
00:34:58:  * Hardware Occlusion Query: yes
00:34:58:  * User clip planes: yes
00:34:58:  * VET_UBYTE4 vertex element type: yes
00:34:58:  * Infinite far plane projection: yes
00:34:58:  * Hardware render-to-texture: yes
00:34:58:  * Floating point textures: yes
00:34:58:  * Non-power-of-two textures: yes (limited)
00:34:58:  * Volume textures: yes
00:34:58:  * Multiple Render Targets: 4
00:34:58:    - With different bit depths: no
00:34:58:  * Point Sprites: yes
00:34:58:  * Extended point parameters: yes
00:34:58:  * Max Point Size: 256
00:34:58:  * Vertex texture fetch: no
00:34:58:  * Render to Vertex Buffer : no
00:34:58:  * DirectX per stage constants: no
00:34:58: ***************************************
00:34:58: *** D3D9 : Subsystem Initialised OK ***
00:34:58: ***************************************
00:34:58: ResourceBackgroundQueue - threading disabled
00:34:58: Particle Renderer Type 'billboard' registered
00:34:58: SceneManagerFactory for type 'BspSceneManager' registered.
00:34:58: Registering ResourceManager for type BspLevel
00:34:58: Parsing scripts for resource group Autodetect
00:34:58: Finished parsing scripts for resource group Autodetect
00:34:58: Parsing scripts for resource group Bootstrap
00:34:58: Parsing script OgreCore.material
00:34:58: Parsing script OgreProfiler.material
00:34:58: Parsing script Ogre.fontdef
00:34:58: Parsing script OgreDebugPanel.overlay
00:34:58: Texture: New_Ogre_Border_Center.png: Loading 1 faces(PF_A8R8G8B8,256x128x1) with  hardware generated mipmaps from Image. Internal format is PF_A8R8G8B8,256x128x1.
00:34:58: Texture: New_Ogre_Border.png: Loading 1 faces(PF_A8R8G8B8,256x256x1) with  hardware generated mipmaps from Image. Internal format is PF_A8R8G8B8,256x256x1.
00:34:58: Texture: New_Ogre_Border_Break.png: Loading 1 faces(PF_A8R8G8B8,32x32x1) with  hardware generated mipmaps from Image. Internal format is PF_A8R8G8B8,32x32x1.
00:34:58: Font BlueHighwayusing texture size 512x512
00:34:58: Info: Freetype returned null for character 127 in font BlueHighway
00:34:58: Info: Freetype returned null for character 128 in font BlueHighway
00:34:58: Info: Freetype returned null for character 129 in font BlueHighway
00:34:58: Info: Freetype returned null for character 130 in font BlueHighway
00:34:58: Info: Freetype returned null for character 131 in font BlueHighway
00:34:58: Info: Freetype returned null for character 132 in font BlueHighway
00:34:58: Info: Freetype returned null for character 133 in font BlueHighway
00:34:58: Info: Freetype returned null for character 134 in font BlueHighway
00:34:58: Info: Freetype returned null for character 135 in font BlueHighway
00:34:58: Info: Freetype returned null for character 136 in font BlueHighway
00:34:58: Info: Freetype returned null for character 137 in font BlueHighway
00:34:58: Info: Freetype returned null for character 138 in font BlueHighway
00:34:58: Info: Freetype returned null for character 139 in font BlueHighway
00:34:58: Info: Freetype returned null for character 140 in font BlueHighway
00:34:58: Info: Freetype returned null for character 141 in font BlueHighway
00:34:58: Info: Freetype returned null for character 142 in font BlueHighway
00:34:58: Info: Freetype returned null for character 143 in font BlueHighway
00:34:58: Info: Freetype returned null for character 144 in font BlueHighway
00:34:58: Info: Freetype returned null for character 145 in font BlueHighway
00:34:58: Info: Freetype returned null for character 146 in font BlueHighway
00:34:58: Info: Freetype returned null for character 147 in font BlueHighway
00:34:58: Info: Freetype returned null for character 148 in font BlueHighway
00:34:58: Info: Freetype returned null for character 149 in font BlueHighway
00:34:58: Info: Freetype returned null for character 150 in font BlueHighway
00:34:58: Info: Freetype returned null for character 151 in font BlueHighway
00:34:58: Info: Freetype returned null for character 152 in font BlueHighway
00:34:58: Info: Freetype returned null for character 153 in font BlueHighway
00:34:58: Info: Freetype returned null for character 154 in font BlueHighway
00:34:58: Info: Freetype returned null for character 155 in font BlueHighway
00:34:58: Info: Freetype returned null for character 156 in font BlueHighway
00:34:58: Info: Freetype returned null for character 157 in font BlueHighway
00:34:58: Info: Freetype returned null for character 158 in font BlueHighway
00:34:58: Info: Freetype returned null for character 159 in font BlueHighway
00:34:58: Info: Freetype returned null for character 160 in font BlueHighway
00:34:58: Texture: BlueHighwayTexture: Loading 1 faces(PF_BYTE_LA,512x512x1) with 0 generated mipmaps from Image. Internal format is PF_BYTE_LA,512x512x1.
00:34:58: Texture: ogretext.png: Loading 1 faces(PF_A8R8G8B8,256x128x1) with  hardware generated mipmaps from Image. Internal format is PF_A8R8G8B8,256x128x1.
00:34:58: Parsing script OgreLoadingPanel.overlay
00:34:58: Finished parsing scripts for resource group Bootstrap
00:34:58: Parsing scripts for resource group General
00:34:58: Parsing script Examples.program
00:34:58: Parsing script deferred.glsl.program
00:34:58: Parsing script deferred.hlsl.program
00:34:58: Parsing script deferred.program
00:34:58: Parsing script deferred_post_ambient.program
00:34:58: Parsing script deferred_post_debug.glsl.program
00:34:58: Parsing script deferred_post_debug.hlsl.program
00:34:58: Parsing script deferred_post_debug.program
00:34:58: Parsing script deferred_post_minilight.glsl.program
00:34:58: Parsing script deferred_post_minilight.hlsl.program
00:34:58: OGRE EXCEPTION(2:InvalidParametersException): Parameter called lightFalloff does not exist.  in GpuProgramParameters::_findNamedConstantDefinition at ..\src\OgreGpuProgram.cpp (line 1095)
00:34:58: Compiler error: invalid parameters in deferred_post_minilight.hlsl.program(27): setting of constant failed
00:34:58: Parsing script deferred_post_minilight.program
00:34:58: Parsing script deferred_post_multipass.glsl.program
00:34:58: Parsing script deferred_post_multipass.hlsl.program
00:34:58: Parsing script deferred_post_onepass.glsl.program
00:34:58: Parsing script deferred_post_onepass.hlsl.program
00:34:58: Parsing script deferred_post_vs.program
00:34:58: Parsing script editor.material
00:34:58: Parsing script Example-DynTex.material
00:34:58: Parsing script Example.material
00:34:59: Parsing script lua_app.material
00:34:59: Parsing script deferred.material
00:34:59: Parsing script deferreddemo.material
00:34:59: Parsing script deferred_post_ambient.material
00:34:59: Parsing script deferred_post_debug.material
00:34:59: Parsing script deferred_post_minilight.material
00:34:59: Parsing script deferred_post_multipass.material
00:34:59: Parsing script deferred_post_onepass.material
00:34:59: Parsing script emitted_emitter.particle
00:34:59: Parsing script Example-Water.particle
00:34:59: Parsing script Example.particle
00:34:59: Parsing script smoke.particle
00:34:59: Parsing script Examples.compositor
00:34:59: Parsing script deferred.compositor
00:34:59: Parsing script editorfonts.fontdef
00:34:59: Parsing script sample.fontdef
00:34:59: Parsing script console.overlay
00:34:59: Texture: console_bg.png: Loading 1 faces(PF_A8R8G8B8,256x128x1) with  hardware generated mipmaps from Image. Internal format is PF_A8R8G8B8,256x128x1.
00:34:59: Texture: console_input_bg.png: Loading 1 faces(PF_A8R8G8B8,128x64x1) with  hardware generated mipmaps from Image. Internal format is PF_A8R8G8B8,128x64x1.
00:34:59: Parsing script parameters.overlay
00:34:59: Finished parsing scripts for resource group General
00:34:59: Parsing scripts for resource group Internal
00:34:59: Finished parsing scripts for resource group Internal
00:34:59: *** Initializing OIS ***
00:34:59: Mesh: Loading sphere.mesh.
00:34:59: World object instatiated
00:34:59: Lua: loading init.lua..
00:34:59: Lua: ..\..\media\LUA\
00:34:59: Lua: loading celldefinitions.lua..
00:34:59: Lua:  system definitions - Loading System Definitions
00:34:59: c++: loading system class: ..\..\media\LUA\systems\systems\abstractsystem.lua
00:34:59: lua error message:cannot open ..\..\media\LUA\systems\systems\abstractsystem.LUA: No such file or directory
00:34:59: Lua: Loading land 0.1 canvas surface...
00:34:59: Lua: Loading water 0.1 canvas surface
00:35:23: Unregistering ResourceManager for type BspLevel
00:35:23: *-*-* OGRE Shutdown
